<?xml version="1.0" encoding="UTF-8"?>
<testsuite name="com.pingpong.PingpongApplicationTests" time="0.007" tests="1" errors="0" skipped="0" failures="0">
  <properties>
    <property name="java.runtime.name" value="Java(TM) SE Runtime Environment"/>
    <property name="sun.boot.library.path" value="/usr/lib/jvm/jdk1.8.0_91/jre/lib/i386"/>
    <property name="java.vm.version" value="25.91-b14"/>
    <property name="java.vm.vendor" value="Oracle Corporation"/>
    <property name="maven.multiModuleProjectDirectory" value="/home/matthew/Documents/workspace-sts/pingpong"/>
    <property name="java.vendor.url" value="http://java.oracle.com/"/>
    <property name="path.separator" value=":"/>
    <property name="guice.disable.misplaced.annotation.check" value="true"/>
    <property name="java.vm.name" value="Java HotSpot(TM) Client VM"/>
    <property name="file.encoding.pkg" value="sun.io"/>
    <property name="user.country" value="US"/>
    <property name="sun.java.launcher" value="SUN_STANDARD"/>
    <property name="sun.os.patch.level" value="unknown"/>
    <property name="java.vm.specification.name" value="Java Virtual Machine Specification"/>
    <property name="user.dir" value="/home/matthew/Documents/workspace-sts/pingpong"/>
    <property name="java.runtime.version" value="1.8.0_91-b14"/>
    <property name="java.awt.graphicsenv" value="sun.awt.X11GraphicsEnvironment"/>
    <property name="java.endorsed.dirs" value="/usr/lib/jvm/jdk1.8.0_91/jre/lib/endorsed"/>
    <property name="os.arch" value="i386"/>
    <property name="java.io.tmpdir" value="/tmp"/>
    <property name="line.separator" value="&#10;"/>
    <property name="java.vm.specification.vendor" value="Oracle Corporation"/>
    <property name="os.name" value="Linux"/>
    <property name="classworlds.conf" value="/home/matthew/Documents/workspace-sts/.metadata/.plugins/org.eclipse.m2e.launching/launches/m2conf3542724528545655397.tmp"/>
    <property name="sun.jnu.encoding" value="UTF-8"/>
    <property name="java.library.path" value="/usr/lib/jvm/jdk1.8.0_91/jre/lib/i386/client:/usr/lib/jvm/jdk1.8.0_91/jre/lib/i386::/usr/java/packages/lib/i386:/lib:/usr/lib"/>
    <property name="java.specification.name" value="Java Platform API Specification"/>
    <property name="java.class.version" value="52.0"/>
    <property name="sun.management.compiler" value="HotSpot Client Compiler"/>
    <property name="os.version" value="3.19.0-32-generic"/>
    <property name="user.home" value="/home/matthew"/>
    <property name="user.timezone" value="America/Chicago"/>
    <property name="java.awt.printerjob" value="sun.print.PSPrinterJob"/>
    <property name="file.encoding" value="UTF-8"/>
    <property name="java.specification.version" value="1.8"/>
    <property name="user.name" value="matthew"/>
    <property name="java.class.path" value="/home/matthew/Desktop/sts-bundle/sts-3.7.3.RELEASE/plugins/org.eclipse.m2e.maven.runtime_1.7.0.20160202-2118/jars/plexus-classworlds-2.5.2.jar"/>
    <property name="java.vm.specification.version" value="1.8"/>
    <property name="sun.arch.data.model" value="32"/>
    <property name="java.home" value="/usr/lib/jvm/jdk1.8.0_91/jre"/>
    <property name="sun.java.command" value="org.codehaus.plexus.classworlds.launcher.Launcher -Ppom.xml -B install"/>
    <property name="java.specification.vendor" value="Oracle Corporation"/>
    <property name="user.language" value="en"/>
    <property name="awt.toolkit" value="sun.awt.X11.XToolkit"/>
    <property name="java.vm.info" value="mixed mode"/>
    <property name="java.version" value="1.8.0_91"/>
    <property name="java.ext.dirs" value="/usr/lib/jvm/jdk1.8.0_91/jre/lib/ext:/usr/java/packages/lib/ext"/>
    <property name="securerandom.source" value="file:/dev/./urandom"/>
    <property name="sun.boot.class.path" value="/usr/lib/jvm/jdk1.8.0_91/jre/lib/resources.jar:/usr/lib/jvm/jdk1.8.0_91/jre/lib/rt.jar:/usr/lib/jvm/jdk1.8.0_91/jre/lib/sunrsasign.jar:/usr/lib/jvm/jdk1.8.0_91/jre/lib/jsse.jar:/usr/lib/jvm/jdk1.8.0_91/jre/lib/jce.jar:/usr/lib/jvm/jdk1.8.0_91/jre/lib/charsets.jar:/usr/lib/jvm/jdk1.8.0_91/jre/lib/jfr.jar:/usr/lib/jvm/jdk1.8.0_91/jre/classes"/>
    <property name="java.vendor" value="Oracle Corporation"/>
    <property name="maven.home" value="/home/matthew/Documents/workspace-sts/pingpong/EMBEDDED"/>
    <property name="file.separator" value="/"/>
    <property name="java.vendor.url.bug" value="http://bugreport.sun.com/bugreport/"/>
    <property name="sun.cpu.endian" value="little"/>
    <property name="sun.io.unicode.encoding" value="UnicodeLittle"/>
    <property name="sun.desktop" value="gnome"/>
    <property name="sun.cpu.isalist" value=""/>
  </properties>
  <testcase name="contextLoads" classname="com.pingpong.PingpongApplicationTests" time="0.007"/>
</testsuite>